[21:06:41] [Client thread/INFO]: Setting user: Player411
[21:06:43] [Client thread/INFO]: LWJGL Version: 2.9.1
[21:06:48] [Client thread/INFO]: Reloading ResourceManager: Default, FMLFileResourcePack:Forge Mod Loader, FMLFileResourcePack:Minecraft Forge, FMLFileResourcePack:examplemod
[21:06:48] [Sound Library Loader/INFO]: Starting up SoundSystem...
[21:06:48] [Thread-7/INFO]: Initializing LWJGL OpenAL
[21:06:48] [Thread-7/INFO]: (The LWJGL binding of OpenAL.  For more information, see http://www.lwjgl.org)
[21:06:48] [Thread-7/INFO]: OpenAL initialized.
[21:06:49] [Sound Library Loader/INFO]: Sound engine started
[21:06:51] [Client thread/INFO]: Created: 512x512 textures-atlas
[21:06:52] [Client thread/INFO]: Reloading ResourceManager: Default, FMLFileResourcePack:Forge Mod Loader, FMLFileResourcePack:Minecraft Forge, FMLFileResourcePack:examplemod
[21:06:52] [Client thread/INFO]: SoundSystem shutting down...
[21:06:53] [Client thread/WARN]: Author: Paul Lamb, www.paulscode.com
[21:06:53] [Sound Library Loader/INFO]: Starting up SoundSystem...
[21:06:53] [Thread-9/INFO]: Initializing LWJGL OpenAL
[21:06:53] [Thread-9/INFO]: (The LWJGL binding of OpenAL.  For more information, see http://www.lwjgl.org)
[21:06:53] [Thread-9/INFO]: OpenAL initialized.
[21:06:53] [Sound Library Loader/INFO]: Sound engine started
[21:06:55] [Client thread/INFO]: Created: 512x512 textures-atlas
[21:07:04] [Client thread/INFO]: Stopping!
[21:07:04] [Client thread/INFO]: SoundSystem shutting down...
[21:07:04] [Client thread/WARN]: Author: Paul Lamb, www.paulscode.com
